15:08:53 [scheduler] INFO: Starting trading scheduler...
15:08:53 [kite_client] INFO: Kite Connect initialized with access token
15:08:53 [trading_agent] INFO: Agent initialized | strategy=momentum | paper=True | universe=50 stocks
15:08:53 [telegram] INFO: Telegram notifications enabled
15:08:53 [telegram] INFO: Listening for Telegram commands...
15:08:53 [telegram] INFO: Telegram command listener started
15:08:53 [telegram] INFO: Telegram command received: /start
15:08:54 [scheduler] INFO: Scheduler ready. Jobs:
15:08:54 [scheduler] INFO:   08:45 IST  — Telegram auth reminder
15:08:54 [scheduler] INFO:   09:00 IST  — Morning market scan + trade execution
15:08:54 [scheduler] INFO:   Every 15m  — Position monitor (SL/target auto-exit)
15:08:54 [scheduler] INFO:   15:30 IST  — End-of-day P&L summary
15:08:54 [scheduler] INFO:   Friday 16h — Weekly performance report
15:08:54 [scheduler] INFO:   Telegram   — /scan /status /report /history /halt /resume
15:08:54 [telegram] INFO: Telegram command received: hi
15:10:00 [telegram] INFO: Telegram command received: /status
15:10:14 [telegram] INFO: Telegram command received: /scan
15:10:15 [trading_agent] INFO: ============================================================
15:10:15 [trading_agent] INFO: Daily scan started at 2026-05-20 15:10
15:10:15 [trading_agent] INFO: ============================================================
15:10:15 [trading_agent] WARNING: Trading halted: Insufficient cash: -749.90 INR
15:23:56 [scheduler] INFO: Monitoring positions...
15:30:27 [scheduler] INFO: Sending end-of-day summary...
16:22:42 [telegram] ERROR: Telegram poll error: HTTPSConnectionPool(host='api.telegram.org', port=443): Read timed out. (read timeout=35)
17:15:42 [telegram] INFO: Telegram command received: /help
17:16:03 [telegram] INFO: Telegram command received: /history
17:16:16 [telegram] INFO: Telegram command received: /resume
23:07:11 [telegram] ERROR: Telegram poll error: ('Connection aborted.', ConnectionResetError(54, 'Connection reset by peer'))
23:37:56 [telegram] ERROR: Telegram poll error: HTTPSConnectionPool(host='api.telegram.org', port=443): Read timed out. (read timeout=35)
23:59:24 [telegram] ERROR: Telegram poll error: HTTPSConnectionPool(host='api.telegram.org', port=443): Read timed out. (read timeout=35)
01:02:55 [telegram] ERROR: Telegram poll error: HTTPSConnectionPool(host='api.telegram.org', port=443): Read timed out. (read timeout=35)
01:48:38 [telegram] ERROR: Telegram poll error: HTTPSConnectionPool(host='api.telegram.org', port=443): Read timed out. (read timeout=35)
02:34:24 [telegram] ERROR: Telegram poll error: HTTPSConnectionPool(host='api.telegram.org', port=443): Read timed out. (read timeout=35)
03:50:31 [telegram] ERROR: Telegram poll error: HTTPSConnectionPool(host='api.telegram.org', port=443): Read timed out. (read timeout=35)
04:51:12 [telegram] ERROR: Telegram poll error: ('Connection aborted.', ConnectionResetError(54, 'Connection reset by peer'))
05:32:01 [telegram] ERROR: Telegram poll error: HTTPSConnectionPool(host='api.telegram.org', port=443): Read timed out. (read timeout=35)
08:30:41 [telegram] ERROR: Telegram poll error: HTTPSConnectionPool(host='api.telegram.org', port=443): Read timed out. (read timeout=35)
08:45:51 [scheduler] INFO: Sending auth reminder...
08:46:16 [telegram] INFO: Telegram command received: okay
08:47:18 [telegram] INFO: Telegram command received: /help
08:47:29 [telegram] INFO: Telegram command received: /status
08:47:30 [kite_client] ERROR: Failed to fetch funds: Incorrect `api_key` or `access_token`.
08:52:08 [telegram] INFO: Telegram command received: /resume
08:52:14 [telegram] INFO: Telegram command received: /scan
08:52:15 [trading_agent] INFO: ============================================================
08:52:15 [trading_agent] INFO: Daily scan started at 2026-05-21 08:52
08:52:15 [trading_agent] INFO: ============================================================
08:52:15 [kite_client] ERROR: Failed to fetch funds: Incorrect `api_key` or `access_token`.
08:52:15 [trading_agent] WARNING: Trading halted: Insufficient cash: 0.00 INR
09:00:24 [scheduler] INFO: Running morning scan...
09:00:24 [kite_client] ERROR: Failed to fetch funds: Incorrect `api_key` or `access_token`.
09:00:25 [trading_agent] INFO: ============================================================
09:00:25 [trading_agent] INFO: Daily scan started at 2026-05-21 09:00
09:00:25 [trading_agent] INFO: ============================================================
09:00:25 [kite_client] ERROR: Failed to fetch funds: Incorrect `api_key` or `access_token`.
09:00:25 [trading_agent] WARNING: Trading halted: Insufficient cash: 0.00 INR
09:15:58 [scheduler] INFO: Monitoring positions...
09:31:02 [scheduler] INFO: Monitoring positions...
09:46:04 [scheduler] INFO: Monitoring positions...
10:01:06 [scheduler] INFO: Monitoring positions...
10:16:09 [scheduler] INFO: Monitoring positions...
10:31:11 [scheduler] INFO: Monitoring positions...
10:46:13 [scheduler] INFO: Monitoring positions...
11:01:15 [scheduler] INFO: Monitoring positions...
11:16:17 [scheduler] INFO: Monitoring positions...
11:31:19 [scheduler] INFO: Monitoring positions...
11:46:21 [scheduler] INFO: Monitoring positions...
12:01:24 [scheduler] INFO: Monitoring positions...
12:16:26 [scheduler] INFO: Monitoring positions...
12:31:28 [scheduler] INFO: Monitoring positions...
12:46:31 [scheduler] INFO: Monitoring positions...
13:01:33 [scheduler] INFO: Monitoring positions...
13:16:35 [scheduler] INFO: Monitoring positions...
13:31:38 [scheduler] INFO: Monitoring positions...
13:46:40 [scheduler] INFO: Monitoring positions...
14:01:42 [scheduler] INFO: Monitoring positions...
14:16:44 [scheduler] INFO: Monitoring positions...
14:31:47 [scheduler] INFO: Monitoring positions...
14:46:50 [scheduler] INFO: Monitoring positions...
15:01:53 [scheduler] INFO: Monitoring positions...
15:16:56 [scheduler] INFO: Monitoring positions...
15:30:28 [scheduler] INFO: Sending end-of-day summary...
15:30:29 [kite_client] ERROR: Failed to fetch funds: Incorrect `api_key` or `access_token`.
